Arguments: 
  C:\Program Files\nodejs\node.exe C:\Users\Leen\AppData\Roaming\npm\node_modules\yarn\bin\yarn.js add express typescript nodem on ts-node @type/expree @type/node

PATH: 
  C:\Program Files\Common Files\Oracle\Java\javapath;C:\Program Files\Python311\Scripts\;C:\Program Files\Python311\;C:\WINDOWS\system32;C:\WINDOWS;C:\WINDOWS\System32\Wbem;C:\WINDOWS\System32\WindowsPowerShell\v1.0\;C:\WINDOWS\System32\OpenSSH\;C:\Program Files\nodejs\;C:\Program Files\Git\cmd;C:\Users\Leen\AppData\Local\Microsoft\WindowsApps;;C:\Users\Leen\AppData\Local\Programs\Microsoft VS Code\bin;C:\Users\Leen\AppData\Roaming\npm

Yarn version: 
  1.22.19

Node version: 
  18.17.1

Platform: 
  win32 x64

Trace: 
  Error: https://registry.yarnpkg.com/@type%2fexpree: Not found
      at params.callback [as _callback] (C:\Users\Leen\AppData\Roaming\npm\node_modules\yarn\lib\cli.js:66145:18)
      at self.callback (C:\Users\Leen\AppData\Roaming\npm\node_modules\yarn\lib\cli.js:140890:22)
      at Request.emit (node:events:514:28)
      at Request.<anonymous> (C:\Users\Leen\AppData\Roaming\npm\node_modules\yarn\lib\cli.js:141862:10)
      at Request.emit (node:events:514:28)
      at IncomingMessage.<anonymous> (C:\Users\Leen\AppData\Roaming\npm\node_modules\yarn\lib\cli.js:141784:12)
      at Object.onceWrapper (node:events:628:28)
      at IncomingMessage.emit (node:events:526:35)
      at endReadableNT (node:internal/streams/readable:1359:12)
      at process.processTicksAndRejections (node:internal/process/task_queues:82:21)

npm manifest: 
  {
    "scripts": {
      "test": "echo \"Error: no test specified\" && exit 1",
      "watch": "nodemon src/index.ts",
      "build": "tsc",
      "start": "node build/index.js"
    },
    "devDependencies": {
      "@types/node": "^18.15.11",
      "typescript": "^5.0.3"
    },
    "type": "module"
  }

yarn manifest: 
  No manifest

Lockfile: 
  # THIS IS AN AUTOGENERATED FILE. DO NOT EDIT THIS FILE DIRECTLY.
  # yarn lockfile v1
  
  
  "@types/node@^18.15.11":
    version "18.18.3"
    resolved "https://registry.yarnpkg.com/@types/node/-/node-18.18.3.tgz#e5188135fc2909b46530c798ef49be65083be3fd"
    integrity sha512-0OVfGupTl3NBFr8+iXpfZ8NR7jfFO+P1Q+IO/q0wbo02wYkP5gy36phojeYWpLQ6WAMjl+VfmqUk2YbUfp0irA==
  
  typescript@^5.0.3:
    version "5.2.2"
    resolved "https://registry.yarnpkg.com/typescript/-/typescript-5.2.2.tgz#5ebb5e5a5b75f085f22bc3f8460fba308310fa78"
    integrity sha512-mI4WrpHsbCIcwT9cF4FZvr80QUeKvsUsUvKDoR+X/7XHQH98xYD8YHZg7ANtz2GtZt/CBq2QJ0thkGJMHfqc1w==
